2025-04-26T23:52:13 | touched: README.md
2025-07-08T01:40:21 | touched: scripts/deploy.js
2026-01-19T07:13:51 | touched: hardhat.config.js
2025-01-05T01:12:10 | touched: scripts/deploy.js
2025-01-16T10:26:09 | touched: scripts/deploy.js
2025-01-17T14:59:18 | touched: scripts/deploy.js
2025-01-20T21:20:51 | touched: test/Gptneomodel.test.js
2025-09-20T02:30:47 | touched: test/Gptneomodel.test.js
2026-01-22T06:26:53 | touched: scripts/deploy.js
2025-12-06T19:35:08 | touched: scripts/deploy.js
2025-10-19T15:40:44 | touched: LICENSE
2025-04-12T13:44:38 | touched: contracts/Gptneomodel.sol
2025-11-26T17:32:21 | touched: test/Gptneomodel.test.js
2025-01-17T03:05:31 | touched: test/Gptneomodel.test.js
2025-03-10T21:07:59 | touched: package.json
2025-08-08T13:40:20 | touched: .env.example
2025-03-03T09:12:17 | touched: scripts/deploy.js
2025-05-08T02:22:50 | touched: package.json
2025-01-24T12:43:04 | touched: LICENSE
2025-05-19T15:05:03 | touched: .env.example
2025-07-05T16:26:31 | touched: hardhat.config.js
2025-04-14T21:36:43 | touched: hardhat.config.js
2025-06-15T15:15:09 | touched: scripts/deploy.js
2025-12-24T10:46:11 | touched: scripts/deploy.js
2025-01-31T23:54:27 | touched: package.json
2025-02-11T23:16:53 | touched: hardhat.config.js
2025-01-31T20:32:44 | touched: scripts/deploy.js
2025-06-13T05:56:57 | touched: test/Gptneomodel.test.js
2025-11-15T20:42:52 | touched: hardhat.config.js
2025-06-25T09:26:13 | touched: README.md
2025-02-03T18:23:31 | touched: contracts/Gptneomodel.sol
